This is pdfTeX, Version 3.14159265-2.6-1.40.20 (MiKTeX 2.9.7050 64-bit) (preloaded format=pdflatex 2019.7.7)  27 MAR 2020 16:55
entering extended mode
**./Doku.tex
(Doku.tex
LaTeX2e <2018-12-01>
("C:\Program Files\MiKTeX 2.9\tex/latex/koma-script\scrartcl.cls"
Document Class: scrartcl 2019/02/01 v3.26b KOMA-Script document class (article)

("C:\Program Files\MiKTeX 2.9\tex/latex/koma-script\scrkbase.sty"
Package: scrkbase 2019/02/01 v3.26b KOMA-Script package (KOMA-Script-dependent 
basics and keyval usage)

("C:\Program Files\MiKTeX 2.9\tex/latex/koma-script\scrbase.sty"
Package: scrbase 2019/02/01 v3.26b KOMA-Script package (KOMA-Script-independent
 basics and keyval usage)

("C:\Program Files\MiKTeX 2.9\tex/latex/graphics\keyval.sty"
Package: keyval 2014/10/28 v1.15 key=value parser (DPC)
\KV@toks@=\toks14
)
("C:\Program Files\MiKTeX 2.9\tex/latex/koma-script\scrlfile.sty"
Package: scrlfile 2019/02/01 v3.26b KOMA-Script package (loading files)
)))
("C:\Program Files\MiKTeX 2.9\tex/latex/koma-script\tocbasic.sty"
Package: tocbasic 2019/02/01 v3.26b KOMA-Script package (handling toc-files)
\scr@dte@tocline@numberwidth=\skip41
\scr@dte@tocline@numbox=\box27
)
Package tocbasic Info: omitting babel extension for `toc'
(tocbasic)             because of feature `nobabel' available
(tocbasic)             for `toc' on input line 134.
Package scrartcl Info: You've used standard option `10pt'.
(scrartcl)             This is correct!
(scrartcl)             Internally I'm using `fontsize=10pt'.
(scrartcl)             If you'd like to set the option with \KOMAoptions,
(scrartcl)             you'd have to use `fontsize=10pt' there
(scrartcl)             instead of `10pt', too.
Class scrartcl Info: File `scrsize10pt.clo' used to setup font sizes on input l
ine 2162.

("C:\Program Files\MiKTeX 2.9\tex/latex/koma-script\scrsize10pt.clo"
File: scrsize10pt.clo 2019/02/01 v3.26b KOMA-Script font size class option (10p
t)
)
("C:\Program Files\MiKTeX 2.9\tex/latex/koma-script\typearea.sty"
Package: typearea 2019/02/01 v3.26b KOMA-Script package (type area)
\ta@bcor=\skip42
\ta@div=\count80
\ta@hblk=\skip43
\ta@vblk=\skip44
\ta@temp=\skip45
\footheight=\skip46
Package typearea Info: These are the values describing the layout:
(typearea)             DIV  = 8
(typearea)             BCOR = 0.0pt
(typearea)             \paperwidth      = 597.50793pt
(typearea)              \textwidth      = 373.44246pt
(typearea)              DIV departure   = -4%
(typearea)              \evensidemargin = 39.76274pt
(typearea)              \oddsidemargin  = 39.76274pt
(typearea)             \paperheight     = 845.04694pt
(typearea)              \textheight     = 538.0pt
(typearea)              \topmargin      = 0.36087pt
(typearea)              \headheight     = 15.0pt
(typearea)              \headsep        = 18.0pt
(typearea)              \topskip        = 10.0pt
(typearea)              \footskip       = 42.0pt
(typearea)              \baselineskip   = 12.0pt
(typearea)              on input line 1715.
)
\c@part=\count81
\c@section=\count82
\c@subsection=\count83
\c@subsubsection=\count84
\c@paragraph=\count85
\c@subparagraph=\count86
\scr@dte@section@maxnumwidth=\skip47
Class scrartcl Info: using compatibility default `runin=bysign'
(scrartcl)           for `\section on input line 4489.
Class scrartcl Info: using compatibility default `afterindent=bysign'
(scrartcl)           for `\section on input line 4489.
\scr@dte@part@maxnumwidth=\skip48
Class scrartcl Info: using compatibility default `afterindent=false'
(scrartcl)           for `\part on input line 4497.
\scr@dte@subsection@maxnumwidth=\skip49
Class scrartcl Info: using compatibility default `runin=bysign'
(scrartcl)           for `\subsection on input line 4507.
Class scrartcl Info: using compatibility default `afterindent=bysign'
(scrartcl)           for `\subsection on input line 4507.
\scr@dte@subsubsection@maxnumwidth=\skip50
Class scrartcl Info: using compatibility default `runin=bysign'
(scrartcl)           for `\subsubsection on input line 4517.
Class scrartcl Info: using compatibility default `afterindent=bysign'
(scrartcl)           for `\subsubsection on input line 4517.
\scr@dte@paragraph@maxnumwidth=\skip51
Class scrartcl Info: using compatibility default `runin=bysign'
(scrartcl)           for `\paragraph on input line 4527.
Class scrartcl Info: using compatibility default `afterindent=bysign'
(scrartcl)           for `\paragraph on input line 4527.
\scr@dte@subparagraph@maxnumwidth=\skip52
Class scrartcl Info: using compatibility default `runin=bysign'
(scrartcl)           for `\subparagraph on input line 4537.
Class scrartcl Info: using compatibility default `afterindent=bysign'
(scrartcl)           for `\subparagraph on input line 4537.
\abovecaptionskip=\skip53
\belowcaptionskip=\skip54
\c@pti@nb@sid@b@x=\box28
Package tocbasic Info: omitting babel extension for `lof'
(tocbasic)             because of feature `nobabel' available
(tocbasic)             for `lof' on input line 5781.
\scr@dte@figure@maxnumwidth=\skip55
\c@figure=\count87
Package tocbasic Info: omitting babel extension for `lot'
(tocbasic)             because of feature `nobabel' available
(tocbasic)             for `lot' on input line 5793.
\scr@dte@table@maxnumwidth=\skip56
\c@table=\count88
Class scrartcl Info: Redefining `\numberline' on input line 5957.
\bibindent=\dimen102
)
("C:\Program Files\MiKTeX 2.9\tex/latex/graphics\graphicx.sty"
Package: graphicx 2017/06/01 v1.1a Enhanced LaTeX Graphics (DPC,SPQR)

("C:\Program Files\MiKTeX 2.9\tex/latex/graphics\graphics.sty"
Package: graphics 2017/06/25 v1.2c Standard LaTeX Graphics (DPC,SPQR)

("C:\Program Files\MiKTeX 2.9\tex/latex/graphics\trig.sty"
Package: trig 2016/01/03 v1.10 sin cos tan (DPC)
)
("C:\Program Files\MiKTeX 2.9\tex/latex/graphics-cfg\graphics.cfg"
File: graphics.cfg 2016/06/04 v1.11 sample graphics configuration
)
Package graphics Info: Driver file: pdftex.def on input line 99.

("C:\Program Files\MiKTeX 2.9\tex/latex/graphics-def\pdftex.def"
File: pdftex.def 2018/01/08 v1.0l Graphics/color driver for pdftex
))
\Gin@req@height=\dimen103
\Gin@req@width=\dimen104
)
("C:\Program Files\MiKTeX 2.9\tex/latex/float\float.sty"
Package: float 2001/11/08 v1.3d Float enhancements (AL)
\c@float@type=\count89
\float@exts=\toks15
\float@box=\box29
\@float@everytoks=\toks16
\@floatcapt=\box30
)
("C:\Program Files\MiKTeX 2.9\tex/latex/amsmath\amsmath.sty"
Package: amsmath 2018/12/01 v2.17b AMS math features
\@mathmargin=\skip57

For additional information on amsmath, use the `?' option.
("C:\Program Files\MiKTeX 2.9\tex/latex/amsmath\amstext.sty"
Package: amstext 2000/06/29 v2.01 AMS text

("C:\Program Files\MiKTeX 2.9\tex/latex/amsmath\amsgen.sty"
File: amsgen.sty 1999/11/30 v2.0 generic functions
\@emptytoks=\toks17
\ex@=\dimen105
))
("C:\Program Files\MiKTeX 2.9\tex/latex/amsmath\amsbsy.sty"
Package: amsbsy 1999/11/29 v1.2d Bold Symbols
\pmbraise@=\dimen106
)
("C:\Program Files\MiKTeX 2.9\tex/latex/amsmath\amsopn.sty"
Package: amsopn 2016/03/08 v2.02 operator names
)
\inf@bad=\count90
LaTeX Info: Redefining \frac on input line 223.
\uproot@=\count91
\leftroot@=\count92
LaTeX Info: Redefining \overline on input line 385.
\classnum@=\count93
\DOTSCASE@=\count94
LaTeX Info: Redefining \ldots on input line 482.
LaTeX Info: Redefining \dots on input line 485.
LaTeX Info: Redefining \cdots on input line 606.
\Mathstrutbox@=\box31
\strutbox@=\box32
\big@size=\dimen107
LaTeX Font Info:    Redeclaring font encoding OML on input line 729.
LaTeX Font Info:    Redeclaring font encoding OMS on input line 730.
\macc@depth=\count95
\c@MaxMatrixCols=\count96
\dotsspace@=\muskip10
\c@parentequation=\count97
\dspbrk@lvl=\count98
\tag@help=\toks18
\row@=\count99
\column@=\count100
\maxfields@=\count101
\andhelp@=\toks19
\eqnshift@=\dimen108
\alignsep@=\dimen109
\tagshift@=\dimen110
\tagwidth@=\dimen111
\totwidth@=\dimen112
\lineht@=\dimen113
\@envbody=\toks20
\multlinegap=\skip58
\multlinetaggap=\skip59
\mathdisplay@stack=\toks21
LaTeX Info: Redefining \[ on input line 2844.
LaTeX Info: Redefining \] on input line 2845.
)
("C:\Program Files\MiKTeX 2.9\tex/latex/base\inputenc.sty"
Package: inputenc 2018/08/11 v1.3c Input encoding file
\inpenc@prehook=\toks22
\inpenc@posthook=\toks23
)
("C:\Program Files\MiKTeX 2.9\tex/latex/base\fontenc.sty"
Package: fontenc 2018/08/11 v2.0j Standard LaTeX package

("C:\Program Files\MiKTeX 2.9\tex/latex/base\t1enc.def"
File: t1enc.def 2018/08/11 v2.0j Standard LaTeX file
LaTeX Font Info:    Redeclaring font encoding T1 on input line 48.
))
("C:\Program Files\MiKTeX 2.9\tex/latex/lm\lmodern.sty"
Package: lmodern 2009/10/30 v1.6 Latin Modern Fonts
LaTeX Font Info:    Overwriting symbol font `operators' in version `normal'
(Font)                  OT1/cmr/m/n --> OT1/lmr/m/n on input line 22.
LaTeX Font Info:    Overwriting symbol font `letters' in version `normal'
(Font)                  OML/cmm/m/it --> OML/lmm/m/it on input line 23.
LaTeX Font Info:    Overwriting symbol font `symbols' in version `normal'
(Font)                  OMS/cmsy/m/n --> OMS/lmsy/m/n on input line 24.
LaTeX Font Info:    Overwriting symbol font `largesymbols' in version `normal'
(Font)                  OMX/cmex/m/n --> OMX/lmex/m/n on input line 25.
LaTeX Font Info:    Overwriting symbol font `operators' in version `bold'
(Font)                  OT1/cmr/bx/n --> OT1/lmr/bx/n on input line 26.
LaTeX Font Info:    Overwriting symbol font `letters' in version `bold'
(Font)                  OML/cmm/b/it --> OML/lmm/b/it on input line 27.
LaTeX Font Info:    Overwriting symbol font `symbols' in version `bold'
(Font)                  OMS/cmsy/b/n --> OMS/lmsy/b/n on input line 28.
LaTeX Font Info:    Overwriting symbol font `largesymbols' in version `bold'
(Font)                  OMX/cmex/m/n --> OMX/lmex/m/n on input line 29.
LaTeX Font Info:    Overwriting math alphabet `\mathbf' in version `normal'
(Font)                  OT1/cmr/bx/n --> OT1/lmr/bx/n on input line 31.
LaTeX Font Info:    Overwriting math alphabet `\mathsf' in version `normal'
(Font)                  OT1/cmss/m/n --> OT1/lmss/m/n on input line 32.
LaTeX Font Info:    Overwriting math alphabet `\mathit' in version `normal'
(Font)                  OT1/cmr/m/it --> OT1/lmr/m/it on input line 33.
LaTeX Font Info:    Overwriting math alphabet `\mathtt' in version `normal'
(Font)                  OT1/cmtt/m/n --> OT1/lmtt/m/n on input line 34.
LaTeX Font Info:    Overwriting math alphabet `\mathbf' in version `bold'
(Font)                  OT1/cmr/bx/n --> OT1/lmr/bx/n on input line 35.
LaTeX Font Info:    Overwriting math alphabet `\mathsf' in version `bold'
(Font)                  OT1/cmss/bx/n --> OT1/lmss/bx/n on input line 36.
LaTeX Font Info:    Overwriting math alphabet `\mathit' in version `bold'
(Font)                  OT1/cmr/bx/it --> OT1/lmr/bx/it on input line 37.
LaTeX Font Info:    Overwriting math alphabet `\mathtt' in version `bold'
(Font)                  OT1/cmtt/m/n --> OT1/lmtt/m/n on input line 38.
)
("C:\Program Files\MiKTeX 2.9\tex/latex/amsfonts\amsfonts.sty"
Package: amsfonts 2013/01/14 v3.01 Basic AMSFonts support
\symAMSa=\mathgroup4
\symAMSb=\mathgroup5
LaTeX Font Info:    Overwriting math alphabet `\mathfrak' in version `bold'
(Font)                  U/euf/m/n --> U/euf/b/n on input line 106.
)
("C:\Program Files\MiKTeX 2.9\tex/latex/amsfonts\amssymb.sty"
Package: amssymb 2013/01/14 v3.01 AMS font symbols
)
("C:\Program Files\MiKTeX 2.9\tex/latex/mathtools\mathtools.sty"
Package: mathtools 2018/01/08 v1.21 mathematical typesetting tools

("C:\Program Files\MiKTeX 2.9\tex/latex/tools\calc.sty"
Package: calc 2017/05/25 v4.3 Infix arithmetic (KKT,FJ)
\calc@Acount=\count102
\calc@Bcount=\count103
\calc@Adimen=\dimen114
\calc@Bdimen=\dimen115
\calc@Askip=\skip60
\calc@Bskip=\skip61
LaTeX Info: Redefining \setlength on input line 80.
LaTeX Info: Redefining \addtolength on input line 81.
\calc@Ccount=\count104
\calc@Cskip=\skip62
)
("C:\Program Files\MiKTeX 2.9\tex/latex/mathtools\mhsetup.sty"
Package: mhsetup 2017/03/31 v1.3 programming setup (MH)
)
LaTeX Info: Thecontrolsequence`\('isalreadyrobust on input line 129.
LaTeX Info: Thecontrolsequence`\)'isalreadyrobust on input line 129.
LaTeX Info: Thecontrolsequence`\['isalreadyrobust on input line 129.
LaTeX Info: Thecontrolsequence`\]'isalreadyrobust on input line 129.
\g_MT_multlinerow_int=\count105
\l_MT_multwidth_dim=\dimen116
\origjot=\skip63
\l_MT_shortvdotswithinadjustabove_dim=\dimen117
\l_MT_shortvdotswithinadjustbelow_dim=\dimen118
\l_MT_above_intertext_sep=\dimen119
\l_MT_below_intertext_sep=\dimen120
\l_MT_above_shortintertext_sep=\dimen121
\l_MT_below_shortintertext_sep=\dimen122
)
("C:\Program Files\MiKTeX 2.9\tex/latex/oberdiek\epstopdf.sty"
Package: epstopdf 2016/05/15 v2.6 Conversion with epstopdf on the fly (HO)

("C:\Program Files\MiKTeX 2.9\tex/latex/oberdiek\epstopdf-base.sty"
Package: epstopdf-base 2016/05/15 v2.6 Base part for package epstopdf

("C:\Program Files\MiKTeX 2.9\tex/generic/oberdiek\infwarerr.sty"
Package: infwarerr 2016/05/16 v1.4 Providing info/warning/error messages (HO)
)
("C:\Program Files\MiKTeX 2.9\tex/latex/oberdiek\grfext.sty"
Package: grfext 2016/05/16 v1.2 Manage graphics extensions (HO)

("C:\Program Files\MiKTeX 2.9\tex/generic/oberdiek\kvdefinekeys.sty"
Package: kvdefinekeys 2016/05/16 v1.4 Define keys (HO)

("C:\Program Files\MiKTeX 2.9\tex/generic/oberdiek\ltxcmds.sty"
Package: ltxcmds 2016/05/16 v1.23 LaTeX kernel commands for general use (HO)
)))
("C:\Program Files\MiKTeX 2.9\tex/latex/oberdiek\kvoptions.sty"
Package: kvoptions 2016/05/16 v3.12 Key value format for package options (HO)

("C:\Program Files\MiKTeX 2.9\tex/generic/oberdiek\kvsetkeys.sty"
Package: kvsetkeys 2016/05/16 v1.17 Key value parser (HO)

("C:\Program Files\MiKTeX 2.9\tex/generic/oberdiek\etexcmds.sty"
Package: etexcmds 2016/05/16 v1.6 Avoid name clashes with e-TeX commands (HO)

("C:\Program Files\MiKTeX 2.9\tex/generic/oberdiek\ifluatex.sty"
Package: ifluatex 2016/05/16 v1.4 Provides the ifluatex switch (HO)
Package ifluatex Info: LuaTeX not detected.
))))
("C:\Program Files\MiKTeX 2.9\tex/generic/oberdiek\pdftexcmds.sty"
Package: pdftexcmds 2018/09/10 v0.29 Utility functions of pdfTeX for LuaTeX (HO
)

("C:\Program Files\MiKTeX 2.9\tex/generic/oberdiek\ifpdf.sty"
Package: ifpdf 2018/09/07 v3.3 Provides the ifpdf switch
)
Package pdftexcmds Info: LuaTeX not detected.
Package pdftexcmds Info: \pdf@primitive is available.
Package pdftexcmds Info: \pdf@ifprimitive is available.
Package pdftexcmds Info: \pdfdraftmode found.
)
Package epstopdf-base Info: Redefining graphics rule for `.eps' on input line 4
38.
Package grfext Info: Graphics extension search list:
(grfext)             [.pdf,.png,.jpg,.mps,.jpeg,.jbig2,.jb2,.PDF,.PNG,.JPG,.JPE
G,.JBIG2,.JB2,.eps]
(grfext)             \AppendGraphicsExtensions on input line 456.
))
("C:\Program Files\MiKTeX 2.9\tex/latex/todonotes\todonotes.sty"
Package: todonotes 2019/01/24 v1.1.2 Todonotes source and documentation.
Package: todonotes 2018/11/22

("C:\Program Files\MiKTeX 2.9\tex/latex/base\ifthen.sty"
Package: ifthen 2014/09/29 v1.1c Standard LaTeX ifthen package (DPC)
)
("C:\Program Files\MiKTeX 2.9\tex/latex/xkeyval\xkeyval.sty"
Package: xkeyval 2014/12/03 v2.7a package option processing (HA)

("C:\Program Files\MiKTeX 2.9\tex/generic/xkeyval\xkeyval.tex"
("C:\Program Files\MiKTeX 2.9\tex/generic/xkeyval\xkvutils.tex"
\XKV@toks=\toks24
\XKV@tempa@toks=\toks25
)
\XKV@depth=\count106
File: xkeyval.tex 2014/12/03 v2.7a key=value parser (HA)
))
("C:\Program Files\MiKTeX 2.9\tex/latex/xcolor\xcolor.sty"
Package: xcolor 2016/05/11 v2.12 LaTeX color extensions (UK)

("C:\Program Files\MiKTeX 2.9\tex/latex/graphics-cfg\color.cfg"
File: color.cfg 2016/01/02 v1.6 sample color configuration
)
Package xcolor Info: Driver file: pdftex.def on input line 225.
Package xcolor Info: Model `cmy' substituted by `cmy0' on input line 1348.
Package xcolor Info: Model `hsb' substituted by `rgb' on input line 1352.
Package xcolor Info: Model `RGB' extended on input line 1364.
Package xcolor Info: Model `HTML' substituted by `rgb' on input line 1366.
Package xcolor Info: Model `Hsb' substituted by `hsb' on input line 1367.
Package xcolor Info: Model `tHsb' substituted by `hsb' on input line 1368.
Package xcolor Info: Model `HSB' substituted by `hsb' on input line 1369.
Package xcolor Info: Model `Gray' substituted by `gray' on input line 1370.
Package xcolor Info: Model `wave' substituted by `hsb' on input line 1371.
)
("C:\Program Files\MiKTeX 2.9\tex/latex/pgf/frontendlayer\tikz.sty"
("C:\Program Files\MiKTeX 2.9\tex/latex/pgf/basiclayer\pgf.sty"
("C:\Program Files\MiKTeX 2.9\tex/latex/pgf/utilities\pgfrcs.sty"
("C:\Program Files\MiKTeX 2.9\tex/generic/pgf/utilities\pgfutil-common.tex"
\pgfutil@everybye=\toks26
\pgfutil@tempdima=\dimen123
\pgfutil@tempdimb=\dimen124

("C:\Program Files\MiKTeX 2.9\tex/generic/pgf/utilities\pgfutil-common-lists.te
x")) ("C:\Program Files\MiKTeX 2.9\tex/generic/pgf/utilities\pgfutil-latex.def"
\pgfutil@abb=\box33
("C:\Program Files\MiKTeX 2.9\tex/latex/ms\everyshi.sty"
Package: everyshi 2001/05/15 v3.00 EveryShipout Package (MS)
))
("C:\Program Files\MiKTeX 2.9\tex/generic/pgf/utilities\pgfrcs.code.tex"
("C:\Program Files\MiKTeX 2.9\tex/generic/pgf\pgf.revision.tex")
Package: pgfrcs 2019/08/03 v3.1.4b (3.1.4b)
))
Package: pgf 2019/08/03 v3.1.4b (3.1.4b)

("C:\Program Files\MiKTeX 2.9\tex/latex/pgf/basiclayer\pgfcore.sty"
("C:\Program Files\MiKTeX 2.9\tex/latex/pgf/systemlayer\pgfsys.sty"
("C:\Program Files\MiKTeX 2.9\tex/generic/pgf/systemlayer\pgfsys.code.tex"
Package: pgfsys 2019/08/03 v3.1.4b (3.1.4b)

("C:\Program Files\MiKTeX 2.9\tex/generic/pgf/utilities\pgfkeys.code.tex"
\pgfkeys@pathtoks=\toks27
\pgfkeys@temptoks=\toks28

("C:\Program Files\MiKTeX 2.9\tex/generic/pgf/utilities\pgfkeysfiltered.code.te
x"
\pgfkeys@tmptoks=\toks29
))
\pgf@x=\dimen125
\pgf@y=\dimen126
\pgf@xa=\dimen127
\pgf@ya=\dimen128
\pgf@xb=\dimen129
\pgf@yb=\dimen130
\pgf@xc=\dimen131
\pgf@yc=\dimen132
\pgf@xd=\dimen133
\pgf@yd=\dimen134
\w@pgf@writea=\write3
\r@pgf@reada=\read1
\c@pgf@counta=\count107
\c@pgf@countb=\count108
\c@pgf@countc=\count109
\c@pgf@countd=\count110
\t@pgf@toka=\toks30
\t@pgf@tokb=\toks31
\t@pgf@tokc=\toks32
\pgf@sys@id@count=\count111
 ("C:\Program Files\MiKTeX 2.9\tex/generic/pgf/systemlayer\pgf.cfg"
File: pgf.cfg 2019/08/03 v3.1.4b (3.1.4b)
)
Driver file for pgf: pgfsys-pdftex.def

("C:\Program Files\MiKTeX 2.9\tex/generic/pgf/systemlayer\pgfsys-pdftex.def"
File: pgfsys-pdftex.def 2019/08/03 v3.1.4b (3.1.4b)

("C:\Program Files\MiKTeX 2.9\tex/generic/pgf/systemlayer\pgfsys-common-pdf.def
"
File: pgfsys-common-pdf.def 2019/08/03 v3.1.4b (3.1.4b)
)))
("C:\Program Files\MiKTeX 2.9\tex/generic/pgf/systemlayer\pgfsyssoftpath.code.t
ex"
File: pgfsyssoftpath.code.tex 2019/08/03 v3.1.4b (3.1.4b)
\pgfsyssoftpath@smallbuffer@items=\count112
\pgfsyssoftpath@bigbuffer@items=\count113
)
("C:\Program Files\MiKTeX 2.9\tex/generic/pgf/systemlayer\pgfsysprotocol.code.t
ex"
File: pgfsysprotocol.code.tex 2019/08/03 v3.1.4b (3.1.4b)
)) ("C:\Program Files\MiKTeX 2.9\tex/generic/pgf/basiclayer\pgfcore.code.tex"
Package: pgfcore 2019/08/03 v3.1.4b (3.1.4b)
 ("C:\Program Files\MiKTeX 2.9\tex/generic/pgf/math\pgfmath.code.tex"
("C:\Program Files\MiKTeX 2.9\tex/generic/pgf/math\pgfmathcalc.code.tex"
("C:\Program Files\MiKTeX 2.9\tex/generic/pgf/math\pgfmathutil.code.tex")
("C:\Program Files\MiKTeX 2.9\tex/generic/pgf/math\pgfmathparser.code.tex"
\pgfmath@dimen=\dimen135
\pgfmath@count=\count114
\pgfmath@box=\box34
\pgfmath@toks=\toks33
\pgfmath@stack@operand=\toks34
\pgfmath@stack@operation=\toks35
)
("C:\Program Files\MiKTeX 2.9\tex/generic/pgf/math\pgfmathfunctions.code.tex"
("C:\Program Files\MiKTeX 2.9\tex/generic/pgf/math\pgfmathfunctions.basic.code.
tex")
("C:\Program Files\MiKTeX 2.9\tex/generic/pgf/math\pgfmathfunctions.trigonometr
ic.code.tex")
("C:\Program Files\MiKTeX 2.9\tex/generic/pgf/math\pgfmathfunctions.random.code
.tex")
("C:\Program Files\MiKTeX 2.9\tex/generic/pgf/math\pgfmathfunctions.comparison.
code.tex")
("C:\Program Files\MiKTeX 2.9\tex/generic/pgf/math\pgfmathfunctions.base.code.t
ex")
("C:\Program Files\MiKTeX 2.9\tex/generic/pgf/math\pgfmathfunctions.round.code.
tex")
("C:\Program Files\MiKTeX 2.9\tex/generic/pgf/math\pgfmathfunctions.misc.code.t
ex")
("C:\Program Files\MiKTeX 2.9\tex/generic/pgf/math\pgfmathfunctions.integerarit
hmetics.code.tex")))
("C:\Program Files\MiKTeX 2.9\tex/generic/pgf/math\pgfmathfloat.code.tex"
\c@pgfmathroundto@lastzeros=\count115
))
("C:\Program Files\MiKTeX 2.9\tex/generic/pgf/math\pgfint.code.tex")
("C:\Program Files\MiKTeX 2.9\tex/generic/pgf/basiclayer\pgfcorepoints.code.tex
"
File: pgfcorepoints.code.tex 2019/08/03 v3.1.4b (3.1.4b)
\pgf@picminx=\dimen136
\pgf@picmaxx=\dimen137
\pgf@picminy=\dimen138
\pgf@picmaxy=\dimen139
\pgf@pathminx=\dimen140
\pgf@pathmaxx=\dimen141
\pgf@pathminy=\dimen142
\pgf@pathmaxy=\dimen143
\pgf@xx=\dimen144
\pgf@xy=\dimen145
\pgf@yx=\dimen146
\pgf@yy=\dimen147
\pgf@zx=\dimen148
\pgf@zy=\dimen149
)
("C:\Program Files\MiKTeX 2.9\tex/generic/pgf/basiclayer\pgfcorepathconstruct.c
ode.tex"
File: pgfcorepathconstruct.code.tex 2019/08/03 v3.1.4b (3.1.4b)
\pgf@path@lastx=\dimen150
\pgf@path@lasty=\dimen151
)
("C:\Program Files\MiKTeX 2.9\tex/generic/pgf/basiclayer\pgfcorepathusage.code.
tex"
File: pgfcorepathusage.code.tex 2019/08/03 v3.1.4b (3.1.4b)
\pgf@shorten@end@additional=\dimen152
\pgf@shorten@start@additional=\dimen153
)
("C:\Program Files\MiKTeX 2.9\tex/generic/pgf/basiclayer\pgfcorescopes.code.tex
"
File: pgfcorescopes.code.tex 2019/08/03 v3.1.4b (3.1.4b)
\pgfpic=\box35
\pgf@hbox=\box36
\pgf@layerbox@main=\box37
\pgf@picture@serial@count=\count116
)
("C:\Program Files\MiKTeX 2.9\tex/generic/pgf/basiclayer\pgfcoregraphicstate.co
de.tex"
File: pgfcoregraphicstate.code.tex 2019/08/03 v3.1.4b (3.1.4b)
\pgflinewidth=\dimen154
)
("C:\Program Files\MiKTeX 2.9\tex/generic/pgf/basiclayer\pgfcoretransformations
.code.tex"
File: pgfcoretransformations.code.tex 2019/08/03 v3.1.4b (3.1.4b)
\pgf@pt@x=\dimen155
\pgf@pt@y=\dimen156
\pgf@pt@temp=\dimen157
)
("C:\Program Files\MiKTeX 2.9\tex/generic/pgf/basiclayer\pgfcorequick.code.tex"
File: pgfcorequick.code.tex 2019/08/03 v3.1.4b (3.1.4b)
)
("C:\Program Files\MiKTeX 2.9\tex/generic/pgf/basiclayer\pgfcoreobjects.code.te
x"
File: pgfcoreobjects.code.tex 2019/08/03 v3.1.4b (3.1.4b)
)
("C:\Program Files\MiKTeX 2.9\tex/generic/pgf/basiclayer\pgfcorepathprocessing.
code.tex"
File: pgfcorepathprocessing.code.tex 2019/08/03 v3.1.4b (3.1.4b)
)
("C:\Program Files\MiKTeX 2.9\tex/generic/pgf/basiclayer\pgfcorearrows.code.tex
"
File: pgfcorearrows.code.tex 2019/08/03 v3.1.4b (3.1.4b)
\pgfarrowsep=\dimen158
)
("C:\Program Files\MiKTeX 2.9\tex/generic/pgf/basiclayer\pgfcoreshade.code.tex"
File: pgfcoreshade.code.tex 2019/08/03 v3.1.4b (3.1.4b)
\pgf@max=\dimen159
\pgf@sys@shading@range@num=\count117
\pgf@shadingcount=\count118
) ("C:\Program Files\MiKTeX 2.9\tex/generic/pgf/basiclayer\pgfcoreimage.code.te
x"
File: pgfcoreimage.code.tex 2019/08/03 v3.1.4b (3.1.4b)

("C:\Program Files\MiKTeX 2.9\tex/generic/pgf/basiclayer\pgfcoreexternal.code.t
ex"
File: pgfcoreexternal.code.tex 2019/08/03 v3.1.4b (3.1.4b)
\pgfexternal@startupbox=\box38
))
("C:\Program Files\MiKTeX 2.9\tex/generic/pgf/basiclayer\pgfcorelayers.code.tex
"
File: pgfcorelayers.code.tex 2019/08/03 v3.1.4b (3.1.4b)
)
("C:\Program Files\MiKTeX 2.9\tex/generic/pgf/basiclayer\pgfcoretransparency.co
de.tex"
File: pgfcoretransparency.code.tex 2019/08/03 v3.1.4b (3.1.4b)
)
("C:\Program Files\MiKTeX 2.9\tex/generic/pgf/basiclayer\pgfcorepatterns.code.t
ex"
File: pgfcorepatterns.code.tex 2019/08/03 v3.1.4b (3.1.4b)
)
("C:\Program Files\MiKTeX 2.9\tex/generic/pgf/basiclayer\pgfcorerdf.code.tex"
File: pgfcorerdf.code.tex 2019/08/03 v3.1.4b (3.1.4b)
))) ("C:\Program Files\MiKTeX 2.9\tex/generic/pgf/modules\pgfmoduleshapes.code.
tex"
File: pgfmoduleshapes.code.tex 2019/08/03 v3.1.4b (3.1.4b)
\pgfnodeparttextbox=\box39
) ("C:\Program Files\MiKTeX 2.9\tex/generic/pgf/modules\pgfmoduleplot.code.tex"
File: pgfmoduleplot.code.tex 2019/08/03 v3.1.4b (3.1.4b)
)
("C:\Program Files\MiKTeX 2.9\tex/latex/pgf/compatibility\pgfcomp-version-0-65.
sty"
Package: pgfcomp-version-0-65 2019/08/03 v3.1.4b (3.1.4b)
\pgf@nodesepstart=\dimen160
\pgf@nodesepend=\dimen161
)
("C:\Program Files\MiKTeX 2.9\tex/latex/pgf/compatibility\pgfcomp-version-1-18.
sty"
Package: pgfcomp-version-1-18 2019/08/03 v3.1.4b (3.1.4b)
)) ("C:\Program Files\MiKTeX 2.9\tex/latex/pgf/utilities\pgffor.sty"
("C:\Program Files\MiKTeX 2.9\tex/latex/pgf/utilities\pgfkeys.sty"
("C:\Program Files\MiKTeX 2.9\tex/generic/pgf/utilities\pgfkeys.code.tex"))
("C:\Program Files\MiKTeX 2.9\tex/latex/pgf/math\pgfmath.sty"
("C:\Program Files\MiKTeX 2.9\tex/generic/pgf/math\pgfmath.code.tex"))
("C:\Program Files\MiKTeX 2.9\tex/generic/pgf/utilities\pgffor.code.tex"
Package: pgffor 2019/08/03 v3.1.4b (3.1.4b)

("C:\Program Files\MiKTeX 2.9\tex/generic/pgf/math\pgfmath.code.tex")
\pgffor@iter=\dimen162
\pgffor@skip=\dimen163
\pgffor@stack=\toks36
\pgffor@toks=\toks37
))
("C:\Program Files\MiKTeX 2.9\tex/generic/pgf/frontendlayer/tikz\tikz.code.tex"
Package: tikz 2019/08/03 v3.1.4b (3.1.4b)

("C:\Program Files\MiKTeX 2.9\tex/generic/pgf/libraries\pgflibraryplothandlers.
code.tex"
File: pgflibraryplothandlers.code.tex 2019/08/03 v3.1.4b (3.1.4b)
\pgf@plot@mark@count=\count119
\pgfplotmarksize=\dimen164
)
\tikz@lastx=\dimen165
\tikz@lasty=\dimen166
\tikz@lastxsaved=\dimen167
\tikz@lastysaved=\dimen168
\tikz@lastmovetox=\dimen169
\tikz@lastmovetoy=\dimen170
\tikzleveldistance=\dimen171
\tikzsiblingdistance=\dimen172
\tikz@figbox=\box40
\tikz@figbox@bg=\box41
\tikz@tempbox=\box42
\tikz@tempbox@bg=\box43
\tikztreelevel=\count120
\tikznumberofchildren=\count121
\tikznumberofcurrentchild=\count122
\tikz@fig@count=\count123

("C:\Program Files\MiKTeX 2.9\tex/generic/pgf/modules\pgfmodulematrix.code.tex"
File: pgfmodulematrix.code.tex 2019/08/03 v3.1.4b (3.1.4b)
\pgfmatrixcurrentrow=\count124
\pgfmatrixcurrentcolumn=\count125
\pgf@matrix@numberofcolumns=\count126
)
\tikz@expandcount=\count127

("C:\Program Files\MiKTeX 2.9\tex/generic/pgf/frontendlayer/tikz/libraries\tikz
librarytopaths.code.tex"
File: tikzlibrarytopaths.code.tex 2019/08/03 v3.1.4b (3.1.4b)
)))
("C:\Program Files\MiKTeX 2.9\tex/generic/pgf/frontendlayer/tikz/libraries\tikz
librarypositioning.code.tex"
File: tikzlibrarypositioning.code.tex 2019/08/03 v3.1.4b (3.1.4b)
)
("C:\Program Files\MiKTeX 2.9\tex/generic/pgf/frontendlayer/tikz/libraries\tikz
libraryshadows.code.tex"
File: tikzlibraryshadows.code.tex 2019/08/03 v3.1.4b (3.1.4b)

("C:\Program Files\MiKTeX 2.9\tex/generic/pgf/frontendlayer/tikz/libraries\tikz
libraryfadings.code.tex"
File: tikzlibraryfadings.code.tex 2019/08/03 v3.1.4b (3.1.4b)

("C:\Program Files\MiKTeX 2.9\tex/generic/pgf/libraries\pgflibraryfadings.code.
tex"
File: pgflibraryfadings.code.tex 2019/08/03 v3.1.4b (3.1.4b)
)))
\c@@todonotes@numberoftodonotes=\count128
) ("C:\Program Files\MiKTeX 2.9\tex/latex/eurosym\eurosym.sty"
Package: eurosym 1998/08/06 v1.1 European currency symbol ``Euro''
\@eurobox=\box44
)
(Doku.aux)
\openout1 = `Doku.aux'.

LaTeX Font Info:    Checking defaults for OML/cmm/m/it on input line 16.
LaTeX Font Info:    ... okay on input line 16.
LaTeX Font Info:    Checking defaults for T1/cmr/m/n on input line 16.
LaTeX Font Info:    ... okay on input line 16.
LaTeX Font Info:    Checking defaults for OT1/cmr/m/n on input line 16.
LaTeX Font Info:    ... okay on input line 16.
LaTeX Font Info:    Checking defaults for OMS/cmsy/m/n on input line 16.
LaTeX Font Info:    ... okay on input line 16.
LaTeX Font Info:    Checking defaults for OMX/cmex/m/n on input line 16.
LaTeX Font Info:    ... okay on input line 16.
LaTeX Font Info:    Checking defaults for U/cmr/m/n on input line 16.
LaTeX Font Info:    ... okay on input line 16.
LaTeX Font Info:    Try loading font information for T1+lmr on input line 16.
 ("C:\Program Files\MiKTeX 2.9\tex/latex/lm\t1lmr.fd"
File: t1lmr.fd 2009/10/30 v1.6 Font defs for Latin Modern
)
("C:\Program Files\MiKTeX 2.9\tex/context/base/mkii\supp-pdf.mkii"
[Loading MPS to PDF converter (version 2006.09.02).]
\scratchcounter=\count129
\scratchdimen=\dimen173
\scratchbox=\box45
\nofMPsegments=\count130
\nofMParguments=\count131
\everyMPshowfont=\toks38
\MPscratchCnt=\count132
\MPscratchDim=\dimen174
\MPnumerator=\count133
\makeMPintoPDFobject=\count134
\everyMPtoPDFconversion=\toks39
) ABD: EveryShipout initializing macros
LaTeX Font Info:    Try loading font information for T1+lmss on input line 24.

("C:\Program Files\MiKTeX 2.9\tex/latex/lm\t1lmss.fd"
File: t1lmss.fd 2009/10/30 v1.6 Font defs for Latin Modern
)
LaTeX Font Info:    Try loading font information for OT1+lmr on input line 24.

("C:\Program Files\MiKTeX 2.9\tex/latex/lm\ot1lmr.fd"
File: ot1lmr.fd 2009/10/30 v1.6 Font defs for Latin Modern
)
LaTeX Font Info:    Try loading font information for OML+lmm on input line 24.

("C:\Program Files\MiKTeX 2.9\tex/latex/lm\omllmm.fd"
File: omllmm.fd 2009/10/30 v1.6 Font defs for Latin Modern
)
LaTeX Font Info:    Try loading font information for OMS+lmsy on input line 24.


("C:\Program Files\MiKTeX 2.9\tex/latex/lm\omslmsy.fd"
File: omslmsy.fd 2009/10/30 v1.6 Font defs for Latin Modern
)
LaTeX Font Info:    Try loading font information for OMX+lmex on input line 24.


("C:\Program Files\MiKTeX 2.9\tex/latex/lm\omxlmex.fd"
File: omxlmex.fd 2009/10/30 v1.6 Font defs for Latin Modern
)
LaTeX Font Info:    External font `lmex10' loaded for size
(Font)              <14.4> on input line 24.
LaTeX Font Info:    External font `lmex10' loaded for size
(Font)              <10> on input line 24.
LaTeX Font Info:    External font `lmex10' loaded for size
(Font)              <7> on input line 24.
LaTeX Font Info:    Try loading font information for U+msa on input line 24.

("C:\Program Files\MiKTeX 2.9\tex/latex/amsfonts\umsa.fd"
File: umsa.fd 2013/01/14 v3.01 AMS symbols A
)
LaTeX Font Info:    Try loading font information for U+msb on input line 24.

("C:\Program Files\MiKTeX 2.9\tex/latex/amsfonts\umsb.fd"
File: umsb.fd 2013/01/14 v3.01 AMS symbols B
)
<Bilder/Titelblatt/big_logo.png, id=28, 112.92188pt x 70.57617pt>
File: Bilder/Titelblatt/big_logo.png Graphic file (type png)
<use Bilder/Titelblatt/big_logo.png>
Package pdftex.def Info: Bilder/Titelblatt/big_logo.png  used on input line 26.

(pdftex.def)             Requested size: 224.06775pt x 140.06104pt.
 [1


{C:/Users/Christian/AppData/Local/MiKTeX/2.9/pdftex/config/pdftex.map} <./Bilde
r/Titelblatt/big_logo.png>] (Doku.toc
LaTeX Font Info:    External font `lmex10' loaded for size
(Font)              <5> on input line 2.
)
\tf@toc=\write4
\openout4 = `Doku.toc'.

 [2]
Overfull \hbox (3.97389pt too wide) in paragraph at lines 72--73
[]\T1/lmr/m/n/10 Zu den Haupt-funk-tio-nen wurde die Forderung gestellt, dass a
lle funk-tion-ieren müssen.
 []

[3]
<Bilder/BibliothekenLogos/Anychart.png, id=44, 301.125pt x 92.345pt>
File: Bilder/BibliothekenLogos/Anychart.png Graphic file (type png)
<use Bilder/BibliothekenLogos/Anychart.png>
Package pdftex.def Info: Bilder/BibliothekenLogos/Anychart.png  used on input l
ine 97.
(pdftex.def)             Requested size: 224.06775pt x 68.71748pt.
<Bilder/BibliothekenLogos/OKHTTP.jpg, id=45, 475.7775pt x 200.75pt>
File: Bilder/BibliothekenLogos/OKHTTP.jpg Graphic file (type jpg)
<use Bilder/BibliothekenLogos/OKHTTP.jpg>
Package pdftex.def Info: Bilder/BibliothekenLogos/OKHTTP.jpg  used on input lin
e 112.
(pdftex.def)             Requested size: 224.06775pt x 94.54242pt.
 [4 <./Bilder/BibliothekenLogos/Anychart.png> <./Bilder/BibliothekenLogos/OKHTT
P.jpg>]
Overfull \hbox (2.04845pt too wide) in paragraph at lines 121--126
\T1/lmr/m/n/10 wird das Net-zw-erk für wieder-holte An-forderun-gen voll-ständi
g ver-mieden. OkHttp
 []

<Bilder/BibliothekenLogos/JSONLogo.png, id=50, 386.94562pt x 112.92188pt>
File: Bilder/BibliothekenLogos/JSONLogo.png Graphic file (type png)
<use Bilder/BibliothekenLogos/JSONLogo.png>
Package pdftex.def Info: Bilder/BibliothekenLogos/JSONLogo.png  used on input l
ine 135.
(pdftex.def)             Requested size: 224.06775pt x 65.38962pt.
<Bilder/BibliothekenLogos/AndroidMaterialComponenLogo.png, id=51, 1525.7pt x 72
2.7pt>
File: Bilder/BibliothekenLogos/AndroidMaterialComponenLogo.png Graphic file (ty
pe png)
<use Bilder/BibliothekenLogos/AndroidMaterialComponenLogo.png>
Package pdftex.def Info: Bilder/BibliothekenLogos/AndroidMaterialComponenLogo.p
ng  used on input line 147.
(pdftex.def)             Requested size: 224.06775pt x 106.12865pt.
[5 <./Bilder/BibliothekenLogos/JSONLogo.png> <./Bilder/BibliothekenLogos/Androi
dMaterialComponenLogo.png>]
<Bilder/BibliothekenLogos/AndroidLogo.png, id=57, 1204.5pt x 1413.28pt>
File: Bilder/BibliothekenLogos/AndroidLogo.png Graphic file (type png)
<use Bilder/BibliothekenLogos/AndroidLogo.png>
Package pdftex.def Info: Bilder/BibliothekenLogos/AndroidLogo.png  used on inpu
t line 162.
(pdftex.def)             Requested size: 224.06775pt x 262.89755pt.

Overfull \hbox (8.16716pt too wide) in paragraph at lines 169--170
[]\T1/lmr/m/n/10 AndroidX ist eine wesentliche Verbesserung gegenüber der ur-sp
rünglichen Android-
 []

[6 <./Bilder/BibliothekenLogos/AndroidLogo.png>]
<Bilder/Applikation/Navigation.jpg, id=62, 1084.05pt x 2288.55pt>
File: Bilder/Applikation/Navigation.jpg Graphic file (type jpg)
<use Bilder/Applikation/Navigation.jpg>
Package pdftex.def Info: Bilder/Applikation/Navigation.jpg  used on input line 
182.
(pdftex.def)             Requested size: 224.06775pt x 473.03197pt.
 [7]
<Bilder/Applikation/NavigationsSymbol.jpg, id=67, 1084.05pt x 2288.55pt>
File: Bilder/Applikation/NavigationsSymbol.jpg Graphic file (type jpg)
<use Bilder/Applikation/NavigationsSymbol.jpg>
Package pdftex.def Info: Bilder/Applikation/NavigationsSymbol.jpg  used on inpu
t line 189.
(pdftex.def)             Requested size: 224.06775pt x 473.03197pt.
 [8 <./Bilder/Applikation/Navigation.jpg>]
Overfull \hbox (19.92302pt too wide) in paragraph at lines 198--198
[][]\T1/lmr/m/n/10 Aktiendeteilansicht, 
 []


Overfull \hbox (19.92302pt too wide) in paragraph at lines 198--198
[][]\T1/lmr/m/n/10 Aktiendeteilansicht, 
 []

[9 <./Bilder/Applikation/NavigationsSymbol.jpg>]

LaTeX Warning: Marginpar on page 10 moved.


LaTeX Warning: Marginpar on page 10 moved.

[10] [11]
<Bilder/Prsi/StartenDerApp.png, id=80, 142.131pt x 286.06876pt>
File: Bilder/Prsi/StartenDerApp.png Graphic file (type png)
<use Bilder/Prsi/StartenDerApp.png>
Package pdftex.def Info: Bilder/Prsi/StartenDerApp.png  used on input line 278.

(pdftex.def)             Requested size: 224.06775pt x 451.00154pt.
 [12] [13 <./Bilder/Prsi/StartenDerApp.png>]
<Bilder/Prsi/einstieg.png, id=89, 230.66174pt x 410.13225pt>
File: Bilder/Prsi/einstieg.png Graphic file (type png)
<use Bilder/Prsi/einstieg.png>
Package pdftex.def Info: Bilder/Prsi/einstieg.png  used on input line 289.
(pdftex.def)             Requested size: 224.06775pt x 398.41606pt.
 [14 <./Bilder/Prsi/einstieg.png>]
File: Bilder/Prsi/einstieg.png Graphic file (type png)
<use Bilder/Prsi/einstieg.png>
Package pdftex.def Info: Bilder/Prsi/einstieg.png  used on input line 301.
(pdftex.def)             Requested size: 224.06775pt x 398.41606pt.
 [15] [16]
<Bilder/Prsi/Portfolio.png, id=99, 230.66174pt x 410.13225pt>
File: Bilder/Prsi/Portfolio.png Graphic file (type png)
<use Bilder/Prsi/Portfolio.png>
Package pdftex.def Info: Bilder/Prsi/Portfolio.png  used on input line 313.
(pdftex.def)             Requested size: 224.06775pt x 398.41606pt.
 [17 <./Bilder/Prsi/Portfolio.png>]
<Bilder/Prsi/depot.png, id=103, 92.14426pt x 163.812pt>
File: Bilder/Prsi/depot.png Graphic file (type png)
<use Bilder/Prsi/depot.png>
Package pdftex.def Info: Bilder/Prsi/depot.png  used on input line 326.
(pdftex.def)             Requested size: 224.06775pt x 398.3559pt.
 [18 <./Bilder/Prsi/depot.png>]
File: Bilder/Prsi/depot.png Graphic file (type png)
<use Bilder/Prsi/depot.png>
Package pdftex.def Info: Bilder/Prsi/depot.png  used on input line 340.
(pdftex.def)             Requested size: 224.06775pt x 398.3559pt.
 [19]
<Bilder/Prsi/verlauf.png, id=111, 401.5pt x 803.0pt>
File: Bilder/Prsi/verlauf.png Graphic file (type png)
<use Bilder/Prsi/verlauf.png>
Package pdftex.def Info: Bilder/Prsi/verlauf.png  used on input line 346.
(pdftex.def)             Requested size: 224.06775pt x 448.14534pt.
 [20] [21 <./Bilder/Prsi/verlauf.png>]
<Bilder/Prsi/detailansicht.png, id=118, 92.14426pt x 163.812pt>
File: Bilder/Prsi/detailansicht.png Graphic file (type png)
<use Bilder/Prsi/detailansicht.png>
Package pdftex.def Info: Bilder/Prsi/detailansicht.png  used on input line 363.

(pdftex.def)             Requested size: 224.06775pt x 398.3559pt.
 [22]
<Bilder/Prsi/Kaufdialog.png, id=122, 92.14426pt x 163.812pt>
File: Bilder/Prsi/Kaufdialog.png Graphic file (type png)
<use Bilder/Prsi/Kaufdialog.png>
Package pdftex.def Info: Bilder/Prsi/Kaufdialog.png  used on input line 369.
(pdftex.def)             Requested size: 224.06775pt x 398.3559pt.
 [23 <./Bilder/Prsi/detailansicht.png>]
<Bilder/Prsi/kassenzettel.png, id=126, 92.14426pt x 163.812pt>
File: Bilder/Prsi/kassenzettel.png Graphic file (type png)
<use Bilder/Prsi/kassenzettel.png>
Package pdftex.def Info: Bilder/Prsi/kassenzettel.png  used on input line 381.
(pdftex.def)             Requested size: 224.06775pt x 398.3559pt.
 [24 <./Bilder/Prsi/Kaufdialog.png>] [25 <./Bilder/Prsi/kassenzettel.png>]
<Bilder/Prsi/newGame.png, id=134, 92.14426pt x 163.812pt>
File: Bilder/Prsi/newGame.png Graphic file (type png)
<use Bilder/Prsi/newGame.png>
Package pdftex.def Info: Bilder/Prsi/newGame.png  used on input line 394.
(pdftex.def)             Requested size: 224.06775pt x 398.3559pt.
 [26]
<Bilder/Prsi/diff.png, id=138, 92.14426pt x 163.812pt>
File: Bilder/Prsi/diff.png Graphic file (type png)
<use Bilder/Prsi/diff.png>
Package pdftex.def Info: Bilder/Prsi/diff.png  used on input line 406.
(pdftex.def)             Requested size: 224.06775pt x 398.3559pt.
 [27 <./Bilder/Prsi/newGame.png>]
File: Bilder/Prsi/detailansicht.png Graphic file (type png)
<use Bilder/Prsi/detailansicht.png>
Package pdftex.def Info: Bilder/Prsi/detailansicht.png  used on input line 415.

(pdftex.def)             Requested size: 224.06775pt x 398.3559pt.
 [28 <./Bilder/Prsi/diff.png>]
[29]
Underfull \hbox (badness 10000) in paragraph at lines 420--422

 []

[30] (Doku.aux) ) 
Here is how much of TeX's memory you used:
 16588 strings out of 492895
 329600 string characters out of 3133468
 489914 words of memory out of 3000000
 20133 multiletter control sequences out of 15000+200000
 40623 words of font info for 44 fonts, out of 3000000 for 9000
 1141 hyphenation exceptions out of 8191
 73i,9n,85p,9106b,1039s stack positions out of 5000i,500n,10000p,200000b,50000s
{C:/Program Files/MiKTeX 2.9/fonts/enc/dvips/lm/lm-ec.enc}<C:/
Program Files/MiKTeX 2.9/fonts/type1/public/eurosym/feymr10.pfb><C:/Program Fil
es/MiKTeX 2.9/fonts/type1/public/lm/lmr10.pfb><C:/Program Files/MiKTeX 2.9/font
s/type1/public/lm/lmr12.pfb><C:/Program Files/MiKTeX 2.9/fonts/type1/public/lm/
lmssbx10.pfb>
Output written on Doku.pdf (30 pages, 873918 bytes).
PDF statistics:
 167 PDF objects out of 1000 (max. 8388607)
 0 named destinations out of 1000 (max. 500000)
 199 words of extra memory for PDF output out of 10000 (max. 10000000)

